<?xml version="1.0" encoding="utf-8"?><testsuites name="pytest tests"><testsuite name="pytest" errors="0" failures="0" skipped="0" tests="36" time="46.623" timestamp="2026-07-08T14:58:33.793113+00:00" hostname="agent-env-24417015-d0c1-4d60-b737-13731b89c593"><testcase classname="backend.tests.test_broadcaster_api" name="test_health" time="0.165" /><testcase classname="backend.tests.test_broadcaster_api" name="test_register" time="0.274" /><testcase classname="backend.tests.test_broadcaster_api" name="test_register_duplicate_email" time="0.048" /><testcase classname="backend.tests.test_broadcaster_api" name="test_login" time="0.273" /><testcase classname="backend.tests.test_broadcaster_api" name="test_login_wrong_password" time="0.271" /><testcase classname="backend.tests.test_broadcaster_api" name="test_me" time="0.050" /><testcase classname="backend.tests.test_broadcaster_api" name="test_me_unauthorized" time="0.042" /><testcase classname="backend.tests.test_broadcaster_api" name="test_otp_request_and_verify" time="0.542" /><testcase classname="backend.tests.test_broadcaster_api" name="test_otp_verify_invalid" time="0.058" /><testcase classname="backend.tests.test_broadcaster_api" name="test_forgot_and_reset_password" time="0.954" /><testcase classname="backend.tests.test_broadcaster_api" name="test_wallet_initial_zero" time="0.045" /><testcase classname="backend.tests.test_broadcaster_api" name="test_channel_create_insufficient_balance" time="0.047" /><testcase classname="backend.tests.test_broadcaster_api" name="test_wallet_recharge" time="0.104" /><testcase classname="backend.tests.test_broadcaster_api" name="test_wallet_transactions_lists_credit" time="0.055" /><testcase classname="backend.tests.test_broadcaster_api" name="test_create_channel_success" time="1.510" /><testcase classname="backend.tests.test_broadcaster_api" name="test_list_channels" time="0.052" /><testcase classname="backend.tests.test_broadcaster_api" name="test_get_channel" time="0.045" /><testcase classname="backend.tests.test_broadcaster_api" name="test_channel_monitor" time="1.000" /><testcase classname="backend.tests.test_broadcaster_api" name="test_renew_channel" time="2.789" /><testcase classname="backend.tests.test_broadcaster_api" name="test_disable_and_enable_channel" time="3.092" /><testcase classname="backend.tests.test_broadcaster_api" name="test_dashboard" time="0.050" /><testcase classname="backend.tests.test_broadcaster_api" name="test_notifications_list_and_read_all" time="0.143" /><testcase classname="backend.tests.test_broadcaster_api" name="test_admin_login" time="0.265" /><testcase classname="backend.tests.test_broadcaster_api" name="test_admin_overview" time="0.052" /><testcase classname="backend.tests.test_broadcaster_api" name="test_admin_users_list" time="0.044" /><testcase classname="backend.tests.test_broadcaster_api" name="test_admin_channels_list" time="0.045" /><testcase classname="backend.tests.test_broadcaster_api" name="test_admin_wallet_adjust" time="0.137" /><testcase classname="backend.tests.test_broadcaster_api" name="test_role_guard_user_forbidden_on_admin" time="0.057" /><testcase classname="backend.tests.test_broadcaster_api" name="test_admin_disable_channel" time="1.560" /><testcase classname="backend.tests.test_broadcaster_api" name="test_admin_expire_now" time="0.045" /><testcase classname="backend.tests.test_broadcaster_api" name="test_delete_channel_user" time="1.522" /><testcase classname="backend.tests.test_broadcaster_api" name="test_admin_delete_channel" time="3.101" /><testcase classname="backend.tests.test_flussonic_preserve" name="test_1_user_disable_preserves_flussonic_stream" time="9.397" /><testcase classname="backend.tests.test_flussonic_preserve" name="test_2_expiry_preserves_flussonic_stream" time="8.180" /><testcase classname="backend.tests.test_flussonic_preserve" name="test_3_admin_disable_preserves_flussonic_stream" time="5.461" /><testcase classname="backend.tests.test_flussonic_preserve" name="test_4_delete_removes_flussonic_stream" time="5.007" /></testsuite></testsuites>