<?xml version="1.0" encoding="utf-8"?><testsuites name="pytest tests"><testsuite name="pytest" errors="0" failures="0" skipped="0" tests="32" time="4.673" timestamp="2026-07-08T14:18:51.219371+00:00" hostname="agent-env-24417015-d0c1-4d60-b737-13731b89c593"><testcase classname="tests.test_broadcaster_api" name="test_health" time="0.210" /><testcase classname="tests.test_broadcaster_api" name="test_register" time="0.275" /><testcase classname="tests.test_broadcaster_api" name="test_register_duplicate_email" time="0.049" /><testcase classname="tests.test_broadcaster_api" name="test_login" time="0.270" /><testcase classname="tests.test_broadcaster_api" name="test_login_wrong_password" time="0.269" /><testcase classname="tests.test_broadcaster_api" name="test_me" time="0.049" /><testcase classname="tests.test_broadcaster_api" name="test_me_unauthorized" time="0.051" /><testcase classname="tests.test_broadcaster_api" name="test_otp_request_and_verify" time="0.543" /><testcase classname="tests.test_broadcaster_api" name="test_otp_verify_invalid" time="0.053" /><testcase classname="tests.test_broadcaster_api" name="test_forgot_and_reset_password" time="0.855" /><testcase classname="tests.test_broadcaster_api" name="test_wallet_initial_zero" time="0.048" /><testcase classname="tests.test_broadcaster_api" name="test_channel_create_insufficient_balance" time="0.050" /><testcase classname="tests.test_broadcaster_api" name="test_wallet_recharge" time="0.093" /><testcase classname="tests.test_broadcaster_api" name="test_wallet_transactions_lists_credit" time="0.049" /><testcase classname="tests.test_broadcaster_api" name="test_create_channel_success" time="0.049" /><testcase classname="tests.test_broadcaster_api" name="test_list_channels" time="0.049" /><testcase classname="tests.test_broadcaster_api" name="test_get_channel" time="0.053" /><testcase classname="tests.test_broadcaster_api" name="test_channel_monitor" time="0.049" /><testcase classname="tests.test_broadcaster_api" name="test_renew_channel" time="0.093" /><testcase classname="tests.test_broadcaster_api" name="test_disable_and_enable_channel" time="0.202" /><testcase classname="tests.test_broadcaster_api" name="test_dashboard" time="0.047" /><testcase classname="tests.test_broadcaster_api" name="test_notifications_list_and_read_all" time="0.137" /><testcase classname="tests.test_broadcaster_api" name="test_admin_login" time="0.268" /><testcase classname="tests.test_broadcaster_api" name="test_admin_overview" time="0.052" /><testcase classname="tests.test_broadcaster_api" name="test_admin_users_list" time="0.046" /><testcase classname="tests.test_broadcaster_api" name="test_admin_channels_list" time="0.045" /><testcase classname="tests.test_broadcaster_api" name="test_admin_wallet_adjust" time="0.141" /><testcase classname="tests.test_broadcaster_api" name="test_role_guard_user_forbidden_on_admin" time="0.045" /><testcase classname="tests.test_broadcaster_api" name="test_admin_disable_channel" time="0.094" /><testcase classname="tests.test_broadcaster_api" name="test_admin_expire_now" time="0.047" /><testcase classname="tests.test_broadcaster_api" name="test_delete_channel_user" time="0.096" /><testcase classname="tests.test_broadcaster_api" name="test_admin_delete_channel" time="0.186" /></testsuite></testsuites>